2022-06-12 12:12:13,246 DEBUG [main] InternalLoggerFactory:89 - Using Log4J as the default logging framework
2022-06-12 12:12:13,273 DEBUG [main] ResourceLeakDetector:129 - -Dio.netty.leakDetection.level: simple
2022-06-12 12:12:13,274 DEBUG [main] ResourceLeakDetector:130 - -Dio.netty.leakDetection.targetRecords: 4
2022-06-12 12:12:13,287 DEBUG [main] ResourceLeakDetectorFactory:196 - Loaded default ResourceLeakDetector: io.netty.util.ResourceLeakDetector@2b175c00
2022-06-12 12:12:13,344 DEBUG [main] PlatformDependent0:460 - -Dio.netty.noUnsafe: false
2022-06-12 12:12:13,345 DEBUG [main] PlatformDependent0:954 - Java version: 11
2022-06-12 12:12:13,353 DEBUG [main] PlatformDependent0:135 - sun.misc.Unsafe.theUnsafe: available
2022-06-12 12:12:13,355 DEBUG [main] PlatformDependent0:159 - sun.misc.Unsafe.copyMemory: available
2022-06-12 12:12:13,358 DEBUG [main] PlatformDependent0:202 - java.nio.Buffer.address: available
2022-06-12 12:12:13,364 DEBUG [main] PlatformDependent0:285 - direct buffer constructor: unavailable: Reflective setAccessible(true) disabled
2022-06-12 12:12:13,367 DEBUG [main] PlatformDependent0:350 - java.nio.Bits.unaligned: available, true
2022-06-12 12:12:13,370 DEBUG [main] PlatformDependent0:417 - jdk.internal.misc.Unsafe.allocateUninitializedArray(int): unavailable: class io.netty.util.internal.PlatformDependent0$6 cannot access class jdk.internal.misc.Unsafe (in module java.base) because module java.base does not export jdk.internal.misc to unnamed module @59e32960
2022-06-12 12:12:13,372 DEBUG [main] PlatformDependent0:446 - java.nio.DirectByteBuffer.<init>(long, int): unavailable
2022-06-12 12:12:13,372 DEBUG [main] PlatformDependent:1116 - sun.misc.Unsafe: available
2022-06-12 12:12:13,406 DEBUG [main] PlatformDependent:1218 - maxDirectMemory: 2099249152 bytes (maybe)
2022-06-12 12:12:13,407 DEBUG [main] PlatformDependent:1237 - -Dio.netty.tmpdir: C:\Users\PRAKAS~1\AppData\Local\Temp (java.io.tmpdir)
2022-06-12 12:12:13,412 DEBUG [main] PlatformDependent:1316 - -Dio.netty.bitMode: 64 (sun.arch.data.model)
2022-06-12 12:12:13,419 DEBUG [main] PlatformDependent:1076 - Platform: Windows
2022-06-12 12:12:13,421 DEBUG [main] PlatformDependent:178 - -Dio.netty.maxDirectMemory: -1 bytes
2022-06-12 12:12:13,422 DEBUG [main] PlatformDependent:185 - -Dio.netty.uninitializedArrayAllocationThreshold: -1
2022-06-12 12:12:13,424 DEBUG [main] CleanerJava9:71 - java.nio.ByteBuffer.cleaner(): available
2022-06-12 12:12:13,425 DEBUG [main] PlatformDependent:205 - -Dio.netty.noPreferDirect: false
2022-06-12 12:12:13,456 DEBUG [main] PlatformDependent:967 - org.jctools-core.MpscChunkedArrayQueue: available
2022-06-12 12:12:13,539 DEBUG [main] InternalThreadLocalMap:86 - -Dio.netty.threadLocalMap.stringBuilder.initialSize: 1024
2022-06-12 12:12:13,539 DEBUG [main] InternalThreadLocalMap:89 - -Dio.netty.threadLocalMap.stringBuilder.maxSize: 4096
2022-06-12 12:12:13,975 DEBUG [main] JdkSslContext:97 - Default protocols (JDK): [TLSv1.3, TLSv1.2] 
2022-06-12 12:12:13,975 DEBUG [main] JdkSslContext:98 - Default cipher suites (JDK): [TLS_ECDHE_ECDSA_WITH_AES_256_GCM_SHA384, TLS_ECDHE_ECDSA_WITH_AES_128_GCM_SHA256, TLS_ECDHE_RSA_WITH_AES_128_GCM_SHA256, TLS_ECDHE_RSA_WITH_AES_256_GCM_SHA384, TLS_ECDHE_RSA_WITH_AES_128_CBC_SHA, TLS_ECDHE_RSA_WITH_AES_256_CBC_SHA, TLS_RSA_WITH_AES_128_GCM_SHA256, TLS_RSA_WITH_AES_128_CBC_SHA, TLS_RSA_WITH_AES_256_CBC_SHA, TLS_AES_128_GCM_SHA256, TLS_AES_256_GCM_SHA384]
2022-06-12 12:12:14,028 DEBUG [main] MultithreadEventLoopGroup:44 - -Dio.netty.eventLoopThreads: 16
2022-06-12 12:12:14,053 DEBUG [main] NioEventLoop:109 - -Dio.netty.noKeySetOptimization: false
2022-06-12 12:12:14,053 DEBUG [main] NioEventLoop:110 - -Dio.netty.selectorAutoRebuildThreshold: 512
2022-06-12 12:12:14,169 DEBUG [main] PooledByteBufAllocator:155 - -Dio.netty.allocator.numHeapArenas: 16
2022-06-12 12:12:14,170 DEBUG [main] PooledByteBufAllocator:156 - -Dio.netty.allocator.numDirectArenas: 16
2022-06-12 12:12:14,170 DEBUG [main] PooledByteBufAllocator:158 - -Dio.netty.allocator.pageSize: 8192
2022-06-12 12:12:14,170 DEBUG [main] PooledByteBufAllocator:163 - -Dio.netty.allocator.maxOrder: 11
2022-06-12 12:12:14,171 DEBUG [main] PooledByteBufAllocator:167 - -Dio.netty.allocator.chunkSize: 16777216
2022-06-12 12:12:14,171 DEBUG [main] PooledByteBufAllocator:168 - -Dio.netty.allocator.smallCacheSize: 256
2022-06-12 12:12:14,171 DEBUG [main] PooledByteBufAllocator:169 - -Dio.netty.allocator.normalCacheSize: 64
2022-06-12 12:12:14,171 DEBUG [main] PooledByteBufAllocator:170 - -Dio.netty.allocator.maxCachedBufferCapacity: 32768
2022-06-12 12:12:14,172 DEBUG [main] PooledByteBufAllocator:171 - -Dio.netty.allocator.cacheTrimInterval: 8192
2022-06-12 12:12:14,172 DEBUG [main] PooledByteBufAllocator:172 - -Dio.netty.allocator.cacheTrimIntervalMillis: 0
2022-06-12 12:12:14,172 DEBUG [main] PooledByteBufAllocator:173 - -Dio.netty.allocator.useCacheForAllThreads: true
2022-06-12 12:12:14,173 DEBUG [main] PooledByteBufAllocator:174 - -Dio.netty.allocator.maxCachedByteBuffersPerChunk: 1023
2022-06-12 12:12:14,204 DEBUG [main] ByteBufUtil:87 - -Dio.netty.allocator.type: pooled
2022-06-12 12:12:14,204 DEBUG [main] ByteBufUtil:96 - -Dio.netty.threadLocalDirectBufferSize: 0
2022-06-12 12:12:14,204 DEBUG [main] ByteBufUtil:99 - -Dio.netty.maxThreadLocalCharBufferSize: 16384
2022-06-12 12:12:15,652 DEBUG [Forwarding newSession on session null to remote] DefaultChannelId:79 - -Dio.netty.processId: 10876 (auto-detected)
2022-06-12 12:12:15,655 DEBUG [Forwarding newSession on session null to remote] NetUtil:135 - -Djava.net.preferIPv4Stack: false
2022-06-12 12:12:15,655 DEBUG [Forwarding newSession on session null to remote] NetUtil:136 - -Djava.net.preferIPv6Addresses: false
2022-06-12 12:12:16,006 DEBUG [Forwarding newSession on session null to remote] NetUtilInitializations:129 - Loopback interface: lo (Software Loopback Interface 1, 127.0.0.1)
2022-06-12 12:12:16,008 DEBUG [Forwarding newSession on session null to remote] NetUtil:187 - Failed to get SOMAXCONN from sysctl and file \proc\sys\net\core\somaxconn. Default: 200
2022-06-12 12:12:16,609 DEBUG [Forwarding newSession on session null to remote] DefaultChannelId:101 - -Dio.netty.machineId: 78:2b:46:ff:fe:74:50:04 (auto-detected)
2022-06-12 12:12:16,753 DEBUG [AsyncHttpClient-1-2] AbstractByteBuf:63 - -Dio.netty.buffer.checkAccessible: true
2022-06-12 12:12:16,756 DEBUG [AsyncHttpClient-1-2] AbstractByteBuf:64 - -Dio.netty.buffer.checkBounds: true
2022-06-12 12:12:16,757 DEBUG [AsyncHttpClient-1-2] ResourceLeakDetectorFactory:196 - Loaded default ResourceLeakDetector: io.netty.util.ResourceLeakDetector@1abc66a2
2022-06-12 12:12:16,805 DEBUG [AsyncHttpClient-1-2] Recycler:85 - -Dio.netty.recycler.maxCapacityPerThread: 4096
2022-06-12 12:12:16,805 DEBUG [AsyncHttpClient-1-2] Recycler:86 - -Dio.netty.recycler.ratio: 8
2022-06-12 12:12:16,805 DEBUG [AsyncHttpClient-1-2] Recycler:87 - -Dio.netty.recycler.chunkSize: 32
2022-06-12 12:12:16,805 DEBUG [AsyncHttpClient-1-2] Recycler:88 - -Dio.netty.recycler.blocking: false
2022-06-12 12:12:18,162 DEBUG [AsyncHttpClient-1-2] Brotli:38 - brotli4j not in the classpath; Brotli support will be unavailable.
2022-06-12 12:12:18,492 DEBUG [main] ThreadLocalRandom:214 - -Dio.netty.initialSeedUniquifier: 0x2c88f101e7eb762b
2022-06-12 12:14:53,935 DEBUG [main] InternalLoggerFactory:89 - Using Log4J as the default logging framework
2022-06-12 12:14:53,953 DEBUG [main] ResourceLeakDetector:129 - -Dio.netty.leakDetection.level: simple
2022-06-12 12:14:53,953 DEBUG [main] ResourceLeakDetector:130 - -Dio.netty.leakDetection.targetRecords: 4
2022-06-12 12:14:53,961 DEBUG [main] ResourceLeakDetectorFactory:196 - Loaded default ResourceLeakDetector: io.netty.util.ResourceLeakDetector@6bf08014
2022-06-12 12:14:53,992 DEBUG [main] PlatformDependent0:460 - -Dio.netty.noUnsafe: false
2022-06-12 12:14:53,993 DEBUG [main] PlatformDependent0:954 - Java version: 11
2022-06-12 12:14:53,997 DEBUG [main] PlatformDependent0:135 - sun.misc.Unsafe.theUnsafe: available
2022-06-12 12:14:53,998 DEBUG [main] PlatformDependent0:159 - sun.misc.Unsafe.copyMemory: available
2022-06-12 12:14:54,001 DEBUG [main] PlatformDependent0:202 - java.nio.Buffer.address: available
2022-06-12 12:14:54,002 DEBUG [main] PlatformDependent0:285 - direct buffer constructor: unavailable: Reflective setAccessible(true) disabled
2022-06-12 12:14:54,005 DEBUG [main] PlatformDependent0:350 - java.nio.Bits.unaligned: available, true
2022-06-12 12:14:54,009 DEBUG [main] PlatformDependent0:417 - jdk.internal.misc.Unsafe.allocateUninitializedArray(int): unavailable: class io.netty.util.internal.PlatformDependent0$6 cannot access class jdk.internal.misc.Unsafe (in module java.base) because module java.base does not export jdk.internal.misc to unnamed module @1e8b7643
2022-06-12 12:14:54,011 DEBUG [main] PlatformDependent0:446 - java.nio.DirectByteBuffer.<init>(long, int): unavailable
2022-06-12 12:14:54,012 DEBUG [main] PlatformDependent:1116 - sun.misc.Unsafe: available
2022-06-12 12:14:54,027 DEBUG [main] PlatformDependent:1218 - maxDirectMemory: 2099249152 bytes (maybe)
2022-06-12 12:14:54,028 DEBUG [main] PlatformDependent:1237 - -Dio.netty.tmpdir: C:\Users\PRAKAS~1\AppData\Local\Temp (java.io.tmpdir)
2022-06-12 12:14:54,031 DEBUG [main] PlatformDependent:1316 - -Dio.netty.bitMode: 64 (sun.arch.data.model)
2022-06-12 12:14:54,034 DEBUG [main] PlatformDependent:1076 - Platform: Windows
2022-06-12 12:14:54,035 DEBUG [main] PlatformDependent:178 - -Dio.netty.maxDirectMemory: -1 bytes
2022-06-12 12:14:54,037 DEBUG [main] PlatformDependent:185 - -Dio.netty.uninitializedArrayAllocationThreshold: -1
2022-06-12 12:14:54,038 DEBUG [main] CleanerJava9:71 - java.nio.ByteBuffer.cleaner(): available
2022-06-12 12:14:54,039 DEBUG [main] PlatformDependent:205 - -Dio.netty.noPreferDirect: false
2022-06-12 12:14:54,061 DEBUG [main] PlatformDependent:967 - org.jctools-core.MpscChunkedArrayQueue: available
2022-06-12 12:14:54,109 DEBUG [main] InternalThreadLocalMap:86 - -Dio.netty.threadLocalMap.stringBuilder.initialSize: 1024
2022-06-12 12:14:54,110 DEBUG [main] InternalThreadLocalMap:89 - -Dio.netty.threadLocalMap.stringBuilder.maxSize: 4096
2022-06-12 12:14:54,454 DEBUG [main] JdkSslContext:97 - Default protocols (JDK): [TLSv1.3, TLSv1.2] 
2022-06-12 12:14:54,455 DEBUG [main] JdkSslContext:98 - Default cipher suites (JDK): [TLS_ECDHE_ECDSA_WITH_AES_256_GCM_SHA384, TLS_ECDHE_ECDSA_WITH_AES_128_GCM_SHA256, TLS_ECDHE_RSA_WITH_AES_128_GCM_SHA256, TLS_ECDHE_RSA_WITH_AES_256_GCM_SHA384, TLS_ECDHE_RSA_WITH_AES_128_CBC_SHA, TLS_ECDHE_RSA_WITH_AES_256_CBC_SHA, TLS_RSA_WITH_AES_128_GCM_SHA256, TLS_RSA_WITH_AES_128_CBC_SHA, TLS_RSA_WITH_AES_256_CBC_SHA, TLS_AES_128_GCM_SHA256, TLS_AES_256_GCM_SHA384]
2022-06-12 12:14:54,507 DEBUG [main] MultithreadEventLoopGroup:44 - -Dio.netty.eventLoopThreads: 16
2022-06-12 12:14:54,518 DEBUG [main] NioEventLoop:109 - -Dio.netty.noKeySetOptimization: false
2022-06-12 12:14:54,518 DEBUG [main] NioEventLoop:110 - -Dio.netty.selectorAutoRebuildThreshold: 512
2022-06-12 12:14:54,591 DEBUG [main] PooledByteBufAllocator:155 - -Dio.netty.allocator.numHeapArenas: 16
2022-06-12 12:14:54,591 DEBUG [main] PooledByteBufAllocator:156 - -Dio.netty.allocator.numDirectArenas: 16
2022-06-12 12:14:54,592 DEBUG [main] PooledByteBufAllocator:158 - -Dio.netty.allocator.pageSize: 8192
2022-06-12 12:14:54,592 DEBUG [main] PooledByteBufAllocator:163 - -Dio.netty.allocator.maxOrder: 11
2022-06-12 12:14:54,592 DEBUG [main] PooledByteBufAllocator:167 - -Dio.netty.allocator.chunkSize: 16777216
2022-06-12 12:14:54,593 DEBUG [main] PooledByteBufAllocator:168 - -Dio.netty.allocator.smallCacheSize: 256
2022-06-12 12:14:54,593 DEBUG [main] PooledByteBufAllocator:169 - -Dio.netty.allocator.normalCacheSize: 64
2022-06-12 12:14:54,594 DEBUG [main] PooledByteBufAllocator:170 - -Dio.netty.allocator.maxCachedBufferCapacity: 32768
2022-06-12 12:14:54,594 DEBUG [main] PooledByteBufAllocator:171 - -Dio.netty.allocator.cacheTrimInterval: 8192
2022-06-12 12:14:54,594 DEBUG [main] PooledByteBufAllocator:172 - -Dio.netty.allocator.cacheTrimIntervalMillis: 0
2022-06-12 12:14:54,594 DEBUG [main] PooledByteBufAllocator:173 - -Dio.netty.allocator.useCacheForAllThreads: true
2022-06-12 12:14:54,595 DEBUG [main] PooledByteBufAllocator:174 - -Dio.netty.allocator.maxCachedByteBuffersPerChunk: 1023
2022-06-12 12:14:54,621 DEBUG [main] ByteBufUtil:87 - -Dio.netty.allocator.type: pooled
2022-06-12 12:14:54,622 DEBUG [main] ByteBufUtil:96 - -Dio.netty.threadLocalDirectBufferSize: 0
2022-06-12 12:14:54,622 DEBUG [main] ByteBufUtil:99 - -Dio.netty.maxThreadLocalCharBufferSize: 16384
2022-06-12 12:14:56,024 DEBUG [Forwarding newSession on session null to remote] DefaultChannelId:79 - -Dio.netty.processId: 9704 (auto-detected)
2022-06-12 12:14:56,034 DEBUG [Forwarding newSession on session null to remote] NetUtil:135 - -Djava.net.preferIPv4Stack: false
2022-06-12 12:14:56,034 DEBUG [Forwarding newSession on session null to remote] NetUtil:136 - -Djava.net.preferIPv6Addresses: false
2022-06-12 12:14:56,623 DEBUG [Forwarding newSession on session null to remote] NetUtilInitializations:129 - Loopback interface: lo (Software Loopback Interface 1, 127.0.0.1)
2022-06-12 12:14:56,623 DEBUG [Forwarding newSession on session null to remote] NetUtil:187 - Failed to get SOMAXCONN from sysctl and file \proc\sys\net\core\somaxconn. Default: 200
2022-06-12 12:14:57,187 DEBUG [Forwarding newSession on session null to remote] DefaultChannelId:101 - -Dio.netty.machineId: 78:2b:46:ff:fe:74:50:04 (auto-detected)
2022-06-12 12:14:57,293 DEBUG [AsyncHttpClient-1-2] AbstractByteBuf:63 - -Dio.netty.buffer.checkAccessible: true
2022-06-12 12:14:57,295 DEBUG [AsyncHttpClient-1-2] AbstractByteBuf:64 - -Dio.netty.buffer.checkBounds: true
2022-06-12 12:14:57,295 DEBUG [AsyncHttpClient-1-2] ResourceLeakDetectorFactory:196 - Loaded default ResourceLeakDetector: io.netty.util.ResourceLeakDetector@2792c8e0
2022-06-12 12:14:57,339 DEBUG [AsyncHttpClient-1-2] Recycler:85 - -Dio.netty.recycler.maxCapacityPerThread: 4096
2022-06-12 12:14:57,340 DEBUG [AsyncHttpClient-1-2] Recycler:86 - -Dio.netty.recycler.ratio: 8
2022-06-12 12:14:57,340 DEBUG [AsyncHttpClient-1-2] Recycler:87 - -Dio.netty.recycler.chunkSize: 32
2022-06-12 12:14:57,340 DEBUG [AsyncHttpClient-1-2] Recycler:88 - -Dio.netty.recycler.blocking: false
2022-06-12 12:14:58,410 DEBUG [AsyncHttpClient-1-2] Brotli:38 - brotli4j not in the classpath; Brotli support will be unavailable.
2022-06-12 12:14:58,646 DEBUG [main] ThreadLocalRandom:214 - -Dio.netty.initialSeedUniquifier: 0x514967322260fd00
